mode: set
be17/cleanarch/features/user/service/logic.go:16.93,17.35 1 0
be17/cleanarch/features/user/service/logic.go:17.35,19.3 1 0
be17/cleanarch/features/user/service/logic.go:20.2,21.30 2 0
be17/cleanarch/features/user/service/logic.go:25.59,30.24 2 1
be17/cleanarch/features/user/service/logic.go:30.24,32.3 1 1
be17/cleanarch/features/user/service/logic.go:33.2,34.18 2 1
be17/cleanarch/features/user/service/logic.go:38.59,40.16 2 1
be17/cleanarch/features/user/service/logic.go:40.16,42.3 1 1
be17/cleanarch/features/user/service/logic.go:43.2,43.18 1 1
be17/cleanarch/features/user/service/logic.go:46.65,51.2 1 1
